c:\users\d016527j\documents\mariosdl\mariosdlv2\x64\debug\vc142.pdb
c:\users\d016527j\documents\mariosdl\mariosdlv2\x64\debug\vc142.idb
c:\users\d016527j\documents\mariosdl\mariosdlv2\x64\debug\textures.obj
c:\users\d016527j\documents\mariosdl\mariosdlv2\x64\debug\texturemanager.obj
c:\users\d016527j\documents\mariosdl\mariosdlv2\x64\debug\rendermanager.obj
c:\users\d016527j\documents\mariosdl\mariosdlv2\x64\debug\playercontroller.obj
c:\users\d016527j\documents\mariosdl\mariosdlv2\x64\debug\main.obj
c:\users\d016527j\documents\mariosdl\mariosdlv2\x64\debug\game.obj
c:\users\d016527j\documents\mariosdl\mariosdlv2\x64\debug\entitymanager.obj
c:\users\d016527j\documents\mariosdl\mariosdlv2\x64\debug\entities.obj
c:\users\jonathan\source\repos\mariosdlv2\mariosdlv2\x64\debug\vc142.pdb
c:\users\jonathan\source\repos\mariosdlv2\mariosdlv2\x64\debug\vc142.idb
c:\users\jonathan\source\repos\mariosdlv2\mariosdlv2\x64\debug\textures.obj
c:\users\d016527j\documents\mariosdl\x64\debug\mariosdlv2.exe
c:\users\d016527j\documents\mariosdl\x64\debug\mariosdlv2.ilk
c:\users\d016527j\documents\mariosdl\x64\debug\mariosdlv2.pdb
c:\users\jonathan\source\repos\mariosdlv2\mariosdlv2\x64\debug\entities.obj
c:\users\jonathan\source\repos\mariosdlv2\mariosdlv2\x64\debug\entitymanager.obj
c:\users\jonathan\source\repos\mariosdlv2\mariosdlv2\x64\debug\game.obj
c:\users\jonathan\source\repos\mariosdlv2\mariosdlv2\x64\debug\main.obj
c:\users\jonathan\source\repos\mariosdlv2\mariosdlv2\x64\debug\playercontroller.obj
c:\users\jonathan\source\repos\mariosdlv2\mariosdlv2\x64\debug\rendermanager.obj
c:\users\jonathan\source\repos\mariosdlv2\mariosdlv2\x64\debug\entitymanager.new.obj.enc
c:\users\jonathan\source\repos\mariosdlv2\x64\debug\mariosdlv2.pdb
c:\users\jonathan\source\repos\mariosdlv2\x64\debug\mariosdlv2.exe
c:\users\jonathan\source\repos\mariosdlv2\x64\debug\mariosdlv2.ilk
c:\users\jonathan\source\repos\mariosdlv2\mariosdlv2\x64\debug\mariosdlv2.tlog\cl.command.1.tlog
c:\users\jonathan\source\repos\mariosdlv2\mariosdlv2\x64\debug\mariosdlv2.tlog\cl.read.1.tlog
c:\users\jonathan\source\repos\mariosdlv2\mariosdlv2\x64\debug\mariosdlv2.tlog\cl.write.1.tlog
c:\users\jonathan\source\repos\mariosdlv2\mariosdlv2\x64\debug\mariosdlv2.tlog\link.command.1.tlog
c:\users\jonathan\source\repos\mariosdlv2\mariosdlv2\x64\debug\mariosdlv2.tlog\link.read.1.tlog
c:\users\jonathan\source\repos\mariosdlv2\mariosdlv2\x64\debug\mariosdlv2.tlog\link.write.1.tlog
c:\users\jonathan\source\repos\mariosdlv2\mariosdlv2\x64\debug\mariosdlv2.tlog\mariosdlv2.write.1u.tlog
